This file contains any messages produced by compilers while
running configure, to aid debugging if configure makes a mistake.

It was created by configure, which was
generated by GNU Autoconf 2.72.  Invocation command line was

  $ ./configure --disable-option-checking --prefix=/usr/local --disable-z80-port --disable-pic14-port --disable-pic16-port --disable-ds390-port --disable-ds400-port --disable-hc08-port --disable-s08-port --disable-r2k-port --disable-pdk13-port --disable-pdk14-port --disable-pdk15-port --disable-stm8-port --disable-sm83-port --disable-z180-port --disable-f8-port --disable-r2ka-port --disable-r3ka-port --disable-ez80_z80-port --disable-tlcs90-port --disable-r800-port --disable-mcs51-port --disable-z80n-port 'CFLAGS=-I /usr/include/' 'docdir=${datarootdir}/doc/${PACKAGE}' --cache-file=/dev/null --srcdir=.

## --------- ##
## Platform. ##
## --------- ##

hostname = loan-asus
uname -m = x86_64
uname -r = 6.14.0-27-generic
uname -s = Linux
uname -v = #27~24.04.1-Ubuntu SMP PREEMPT_DYNAMIC Tue Jul 22 17:38:49 UTC 2

/usr/bin/uname -p = x86_64
/bin/uname -X     = unknown

/bin/arch              = x86_64
/usr/bin/arch -k       = unknown
/usr/convex/getsysinfo = unknown
/usr/bin/hostinfo      = unknown
/bin/machine           = unknown
/usr/bin/oslevel       = unknown
/bin/universe          = unknown

PATH: /usr/local/sbin/
PATH: /usr/local/bin/
PATH: /usr/sbin/
PATH: /usr/bin/
PATH: /sbin/
PATH: /bin/
PATH: /usr/games/
PATH: /usr/local/games/
PATH: /snap/bin/
PATH: /snap/bin/


## ----------- ##
## Core tests. ##
## ----------- ##

configure:3069: looking for aux files: install-sh
configure:3082:  trying ./src/
configure:3093:   ./src/install-sh found
configure:3259: checking for gawk
configure:3295: result: no
configure:3259: checking for mawk
configure:3280: found /usr/bin/mawk
configure:3292: result: mawk
configure:3303: checking for a sed that does not truncate output
configure:3375: result: /usr/bin/sed
configure:3381: checking version of the package
configure:3385: result: 0.9.5
configure:4166: checking for g++
configure:4187: found /usr/bin/g++
configure:4199: result: g++
configure:4226: checking for C++ compiler version
configure:4235: g++ --version >&5
g++ (Ubuntu 13.3.0-6ubuntu2~24.04) 13.3.0
Copyright (C) 2023 Free Software Foundation, Inc.
This is free software; see the source for copying conditions.  There is NO
warranty; not even for MERCHANTABILITY or FITNESS FOR A PARTICULAR PURPOSE.

configure:4246: $? = 0
configure:4235: g++ -v >&5
Using built-in specs.
COLLECT_GCC=g++
COLLECT_LTO_WRAPPER=/usr/libexec/gcc/x86_64-linux-gnu/13/lto-wrapper
OFFLOAD_TARGET_NAMES=nvptx-none:amdgcn-amdhsa
OFFLOAD_TARGET_DEFAULT=1
Target: x86_64-linux-gnu
Configured with: ../src/configure -v --with-pkgversion='Ubuntu 13.3.0-6ubuntu2~24.04' --with-bugurl=file:///usr/share/doc/gcc-13/README.Bugs --enable-languages=c,ada,c++,go,d,fortran,objc,obj-c++,m2 --prefix=/usr --with-gcc-major-version-only --program-suffix=-13 --program-prefix=x86_64-linux-gnu- --enable-shared --enable-linker-build-id --libexecdir=/usr/libexec --without-included-gettext --enable-threads=posix --libdir=/usr/lib --enable-nls --enable-bootstrap --enable-clocale=gnu --enable-libstdcxx-debug --enable-libstdcxx-time=yes --with-default-libstdcxx-abi=new --enable-libstdcxx-backtrace --enable-gnu-unique-object --disable-vtable-verify --enable-plugin --enable-default-pie --with-system-zlib --enable-libphobos-checking=release --with-target-system-zlib=auto --enable-objc-gc=auto --enable-multiarch --disable-werror --enable-cet --with-arch-32=i686 --with-abi=m64 --with-multilib-list=m32,m64,mx32 --enable-multilib --with-tune=generic --enable-offload-targets=nvptx-none=/build/gcc-13-fG75Ri/gcc-13-13.3.0/debian/tmp-nvptx/usr,amdgcn-amdhsa=/build/gcc-13-fG75Ri/gcc-13-13.3.0/debian/tmp-gcn/usr --enable-offload-defaulted --without-cuda-driver --enable-checking=release --build=x86_64-linux-gnu --host=x86_64-linux-gnu --target=x86_64-linux-gnu --with-build-config=bootstrap-lto-lean --enable-link-serialization=2
Thread model: posix
Supported LTO compression algorithms: zlib zstd
gcc version 13.3.0 (Ubuntu 13.3.0-6ubuntu2~24.04) 
... rest of stderr output deleted ...
configure:4246: $? = 0
configure:4235: g++ -V >&5
g++: error: unrecognized command-line option '-V'
g++: fatal error: no input files
compilation terminated.
configure:4246: $? = 1
configure:4235: g++ -qversion >&5
g++: error: unrecognized command-line option '-qversion'; did you mean '--version'?
g++: fatal error: no input files
compilation terminated.
configure:4246: $? = 1
configure:4266: checking whether the C++ compiler works
configure:4288: g++ -g   conftest.cpp  >&5
configure:4292: $? = 0
configure:4343: result: yes
configure:4347: checking for C++ compiler default output file name
configure:4349: result: a.out
configure:4355: checking for suffix of executables
configure:4362: g++ -o conftest -g   conftest.cpp  >&5
configure:4366: $? = 0
configure:4390: result: 
configure:4414: checking whether we are cross compiling
configure:4422: g++ -o conftest -g   conftest.cpp  >&5
configure:4426: $? = 0
configure:4433: ./conftest
configure:4437: $? = 0
configure:4452: result: no
configure:4458: checking for suffix of object files
configure:4481: g++ -c -g  conftest.cpp >&5
configure:4485: $? = 0
configure:4509: result: o
configure:4513: checking whether the compiler supports GNU C++
configure:4533: g++ -c -g  conftest.cpp >&5
configure:4533: $? = 0
configure:4545: result: yes
configure:4556: checking whether g++ accepts -g
configure:4577: g++ -c -g  conftest.cpp >&5
configure:4577: $? = 0
configure:4624: result: yes
configure:4644: checking for g++ option to enable C++11 features
configure:4659: g++  -c -g  conftest.cpp >&5
conftest.cpp: In function 'int main(int, char**)':
conftest.cpp:179:25: warning: empty parentheses were disambiguated as a function declaration [-Wvexing-parse]
  179 |   cxx11test::delegate d2();
      |                         ^~
conftest.cpp:179:25: note: remove parentheses to default-initialize a variable
  179 |   cxx11test::delegate d2();
      |                         ^~
      |                         --
conftest.cpp:179:25: note: or replace parentheses with braces to value-initialize a variable
configure:4659: $? = 0
configure:4678: result: none needed
configure:4752: checking how to run the C++ preprocessor
configure:4774: g++ -E  conftest.cpp
configure:4774: $? = 0
configure:4790: g++ -E  conftest.cpp
conftest.cpp:13:10: fatal error: ac_nonexistent.h: No such file or directory
   13 | #include <ac_nonexistent.h>
      |          ^~~~~~~~~~~~~~~~~~
compilation terminated.
configure:4790: $? = 1
configure: failed program was:
| /* confdefs.h */
| #define PACKAGE_NAME ""
| #define PACKAGE_TARNAME ""
| #define PACKAGE_VERSION ""
| #define PACKAGE_STRING ""
| #define PACKAGE_BUGREPORT ""
| #define PACKAGE_URL ""
| #define VERSIONSTR "0.9.5"
| #define VERSIONHI 0
| #define VERSIONLO 9
| #define VERSIONP 5
| /* end confdefs.h.  */
| #include <ac_nonexistent.h>
configure:4819: result: g++ -E
configure:4833: g++ -E  conftest.cpp
configure:4833: $? = 0
configure:4849: g++ -E  conftest.cpp
conftest.cpp:13:10: fatal error: ac_nonexistent.h: No such file or directory
   13 | #include <ac_nonexistent.h>
      |          ^~~~~~~~~~~~~~~~~~
compilation terminated.
configure:4849: $? = 1
configure: failed program was:
| /* confdefs.h */
| #define PACKAGE_NAME ""
| #define PACKAGE_TARNAME ""
| #define PACKAGE_VERSION ""
| #define PACKAGE_STRING ""
| #define PACKAGE_BUGREPORT ""
| #define PACKAGE_URL ""
| #define VERSIONSTR "0.9.5"
| #define VERSIONHI 0
| #define VERSIONLO 9
| #define VERSIONP 5
| /* end confdefs.h.  */
| #include <ac_nonexistent.h>
configure:4897: checking for a BSD-compatible install
configure:4971: result: /usr/bin/install -c
configure:5031: checking for ranlib
configure:5052: found /usr/bin/ranlib
configure:5064: result: ranlib
configure:5136: checking for strip
configure:5157: found /usr/bin/strip
configure:5169: result: strip
configure:5240: checking for ar
configure:5261: found /usr/bin/ar
configure:5273: result: ar
configure:5361: checking for gcc
configure:5382: found /usr/bin/gcc
configure:5394: result: gcc
configure:5753: checking for C compiler version
configure:5762: gcc --version >&5
gcc (Ubuntu 13.3.0-6ubuntu2~24.04) 13.3.0
Copyright (C) 2023 Free Software Foundation, Inc.
This is free software; see the source for copying conditions.  There is NO
warranty; not even for MERCHANTABILITY or FITNESS FOR A PARTICULAR PURPOSE.

configure:5773: $? = 0
configure:5762: gcc -v >&5
Using built-in specs.
COLLECT_GCC=gcc
COLLECT_LTO_WRAPPER=/usr/libexec/gcc/x86_64-linux-gnu/13/lto-wrapper
OFFLOAD_TARGET_NAMES=nvptx-none:amdgcn-amdhsa
OFFLOAD_TARGET_DEFAULT=1
Target: x86_64-linux-gnu
Configured with: ../src/configure -v --with-pkgversion='Ubuntu 13.3.0-6ubuntu2~24.04' --with-bugurl=file:///usr/share/doc/gcc-13/README.Bugs --enable-languages=c,ada,c++,go,d,fortran,objc,obj-c++,m2 --prefix=/usr --with-gcc-major-version-only --program-suffix=-13 --program-prefix=x86_64-linux-gnu- --enable-shared --enable-linker-build-id --libexecdir=/usr/libexec --without-included-gettext --enable-threads=posix --libdir=/usr/lib --enable-nls --enable-bootstrap --enable-clocale=gnu --enable-libstdcxx-debug --enable-libstdcxx-time=yes --with-default-libstdcxx-abi=new --enable-libstdcxx-backtrace --enable-gnu-unique-object --disable-vtable-verify --enable-plugin --enable-default-pie --with-system-zlib --enable-libphobos-checking=release --with-target-system-zlib=auto --enable-objc-gc=auto --enable-multiarch --disable-werror --enable-cet --with-arch-32=i686 --with-abi=m64 --with-multilib-list=m32,m64,mx32 --enable-multilib --with-tune=generic --enable-offload-targets=nvptx-none=/build/gcc-13-fG75Ri/gcc-13-13.3.0/debian/tmp-nvptx/usr,amdgcn-amdhsa=/build/gcc-13-fG75Ri/gcc-13-13.3.0/debian/tmp-gcn/usr --enable-offload-defaulted --without-cuda-driver --enable-checking=release --build=x86_64-linux-gnu --host=x86_64-linux-gnu --target=x86_64-linux-gnu --with-build-config=bootstrap-lto-lean --enable-link-serialization=2
Thread model: posix
Supported LTO compression algorithms: zlib zstd
gcc version 13.3.0 (Ubuntu 13.3.0-6ubuntu2~24.04) 
... rest of stderr output deleted ...
configure:5773: $? = 0
configure:5762: gcc -V >&5
gcc: error: unrecognized command-line option '-V'
gcc: fatal error: no input files
compilation terminated.
configure:5773: $? = 1
configure:5762: gcc -qversion >&5
gcc: error: unrecognized command-line option '-qversion'; did you mean '--version'?
gcc: fatal error: no input files
compilation terminated.
configure:5773: $? = 1
configure:5762: gcc -version >&5
gcc: error: unrecognized command-line option '-version'
gcc: fatal error: no input files
compilation terminated.
configure:5773: $? = 1
configure:5777: checking whether the compiler supports GNU C
configure:5797: gcc -c -I /usr/include/  conftest.c >&5
configure:5797: $? = 0
configure:5809: result: yes
configure:5820: checking whether gcc accepts -g
configure:5841: gcc -c -g  conftest.c >&5
configure:5841: $? = 0
configure:5888: result: yes
configure:5908: checking for gcc option to enable C11 features
configure:5923: gcc  -c -I /usr/include/  conftest.c >&5
configure:5923: $? = 0
configure:5942: result: none needed
configure:6065: checking for flex
configure:6086: found /usr/bin/flex
configure:6098: result: flex
configure:6147: checking for lex output file root
configure:6160: flex conftest.l
configure:6164: $? = 0
configure:6173: result: lex.yy
configure:6188: checking for lex library
configure:6213: gcc -o conftest -I /usr/include/   conftest.c  >&5
configure:6213: $? = 0
configure:6227: result: none needed
configure:6249: checking whether yytext is a pointer
configure:6265: gcc -c -I /usr/include/  conftest.c >&5
configure:6265: $? = 0
configure:6273: result: yes
configure:6294: checking for bison
configure:6315: found /usr/bin/bison
configure:6327: result: bison -y
configure:6360: checking for stdio.h
configure:6360: g++ -c -g  conftest.cpp >&5
configure:6360: $? = 0
configure:6360: result: yes
configure:6360: checking for stdlib.h
configure:6360: g++ -c -g  conftest.cpp >&5
configure:6360: $? = 0
configure:6360: result: yes
configure:6360: checking for string.h
configure:6360: g++ -c -g  conftest.cpp >&5
configure:6360: $? = 0
configure:6360: result: yes
configure:6360: checking for inttypes.h
configure:6360: g++ -c -g  conftest.cpp >&5
configure:6360: $? = 0
configure:6360: result: yes
configure:6360: checking for stdint.h
configure:6360: g++ -c -g  conftest.cpp >&5
configure:6360: $? = 0
configure:6360: result: yes
configure:6360: checking for strings.h
configure:6360: g++ -c -g  conftest.cpp >&5
configure:6360: $? = 0
configure:6360: result: yes
configure:6360: checking for sys/stat.h
configure:6360: g++ -c -g  conftest.cpp >&5
configure:6360: $? = 0
configure:6360: result: yes
configure:6360: checking for sys/types.h
configure:6360: g++ -c -g  conftest.cpp >&5
configure:6360: $? = 0
configure:6360: result: yes
configure:6360: checking for unistd.h
configure:6360: g++ -c -g  conftest.cpp >&5
configure:6360: $? = 0
configure:6360: result: yes
configure:6360: checking for vfork.h
configure:6360: g++ -c -g  conftest.cpp >&5
conftest.cpp:52:10: fatal error: vfork.h: No such file or directory
   52 | #include <vfork.h>
      |          ^~~~~~~~~
compilation terminated.
configure:6360: $? = 1
configure: failed program was:
| /* confdefs.h */
| #define PACKAGE_NAME ""
| #define PACKAGE_TARNAME ""
| #define PACKAGE_VERSION ""
| #define PACKAGE_STRING ""
| #define PACKAGE_BUGREPORT ""
| #define PACKAGE_URL ""
| #define VERSIONSTR "0.9.5"
| #define VERSIONHI 0
| #define VERSIONLO 9
| #define VERSIONP 5
| #define YYTEXT_POINTER 1
| #define HAVE_FLEX 1
| #define HAVE_STDIO_H 1
| #define HAVE_STDLIB_H 1
| #define HAVE_STRING_H 1
| #define HAVE_INTTYPES_H 1
| #define HAVE_STDINT_H 1
| #define HAVE_STRINGS_H 1
| #define HAVE_SYS_STAT_H 1
| #define HAVE_SYS_TYPES_H 1
| #define HAVE_UNISTD_H 1
| /* end confdefs.h.  */
| #include <stddef.h>
| #ifdef HAVE_STDIO_H
| # include <stdio.h>
| #endif
| #ifdef HAVE_STDLIB_H
| # include <stdlib.h>
| #endif
| #ifdef HAVE_STRING_H
| # include <string.h>
| #endif
| #ifdef HAVE_INTTYPES_H
| # include <inttypes.h>
| #endif
| #ifdef HAVE_STDINT_H
| # include <stdint.h>
| #endif
| #ifdef HAVE_STRINGS_H
| # include <strings.h>
| #endif
| #ifdef HAVE_SYS_TYPES_H
| # include <sys/types.h>
| #endif
| #ifdef HAVE_SYS_STAT_H
| # include <sys/stat.h>
| #endif
| #ifdef HAVE_UNISTD_H
| # include <unistd.h>
| #endif
| #include <vfork.h>
configure:6360: result: no
configure:6385: checking for endian.h
configure:6385: g++ -c -g  conftest.cpp >&5
configure:6385: $? = 0
configure:6385: result: yes
configure:6391: checking for sys/endian.h
configure:6391: g++ -c -g  conftest.cpp >&5
conftest.cpp:54:10: fatal error: sys/endian.h: No such file or directory
   54 | #include <sys/endian.h>
      |          ^~~~~~~~~~~~~~
compilation terminated.
configure:6391: $? = 1
configure: failed program was:
| /* confdefs.h */
| #define PACKAGE_NAME ""
| #define PACKAGE_TARNAME ""
| #define PACKAGE_VERSION ""
| #define PACKAGE_STRING ""
| #define PACKAGE_BUGREPORT ""
| #define PACKAGE_URL ""
| #define VERSIONSTR "0.9.5"
| #define VERSIONHI 0
| #define VERSIONLO 9
| #define VERSIONP 5
| #define YYTEXT_POINTER 1
| #define HAVE_FLEX 1
| #define HAVE_STDIO_H 1
| #define HAVE_STDLIB_H 1
| #define HAVE_STRING_H 1
| #define HAVE_INTTYPES_H 1
| #define HAVE_STDINT_H 1
| #define HAVE_STRINGS_H 1
| #define HAVE_SYS_STAT_H 1
| #define HAVE_SYS_TYPES_H 1
| #define HAVE_UNISTD_H 1
| #define STDC_HEADERS 1
| #define HAVE_ENDIAN_H 1
| /* end confdefs.h.  */
| #include <stddef.h>
| #ifdef HAVE_STDIO_H
| # include <stdio.h>
| #endif
| #ifdef HAVE_STDLIB_H
| # include <stdlib.h>
| #endif
| #ifdef HAVE_STRING_H
| # include <string.h>
| #endif
| #ifdef HAVE_INTTYPES_H
| # include <inttypes.h>
| #endif
| #ifdef HAVE_STDINT_H
| # include <stdint.h>
| #endif
| #ifdef HAVE_STRINGS_H
| # include <strings.h>
| #endif
| #ifdef HAVE_SYS_TYPES_H
| # include <sys/types.h>
| #endif
| #ifdef HAVE_SYS_STAT_H
| # include <sys/stat.h>
| #endif
| #ifdef HAVE_UNISTD_H
| # include <unistd.h>
| #endif
| #include <sys/endian.h>
configure:6391: result: no
configure:6397: checking for machine/endian.h
configure:6397: g++ -c -g  conftest.cpp >&5
conftest.cpp:54:10: fatal error: machine/endian.h: No such file or directory
   54 | #include <machine/endian.h>
      |          ^~~~~~~~~~~~~~~~~~
compilation terminated.
configure:6397: $? = 1
configure: failed program was:
| /* confdefs.h */
| #define PACKAGE_NAME ""
| #define PACKAGE_TARNAME ""
| #define PACKAGE_VERSION ""
| #define PACKAGE_STRING ""
| #define PACKAGE_BUGREPORT ""
| #define PACKAGE_URL ""
| #define VERSIONSTR "0.9.5"
| #define VERSIONHI 0
| #define VERSIONLO 9
| #define VERSIONP 5
| #define YYTEXT_POINTER 1
| #define HAVE_FLEX 1
| #define HAVE_STDIO_H 1
| #define HAVE_STDLIB_H 1
| #define HAVE_STRING_H 1
| #define HAVE_INTTYPES_H 1
| #define HAVE_STDINT_H 1
| #define HAVE_STRINGS_H 1
| #define HAVE_SYS_STAT_H 1
| #define HAVE_SYS_TYPES_H 1
| #define HAVE_UNISTD_H 1
| #define STDC_HEADERS 1
| #define HAVE_ENDIAN_H 1
| /* end confdefs.h.  */
| #include <stddef.h>
| #ifdef HAVE_STDIO_H
| # include <stdio.h>
| #endif
| #ifdef HAVE_STDLIB_H
| # include <stdlib.h>
| #endif
| #ifdef HAVE_STRING_H
| # include <string.h>
| #endif
| #ifdef HAVE_INTTYPES_H
| # include <inttypes.h>
| #endif
| #ifdef HAVE_STDINT_H
| # include <stdint.h>
| #endif
| #ifdef HAVE_STRINGS_H
| # include <strings.h>
| #endif
| #ifdef HAVE_SYS_TYPES_H
| # include <sys/types.h>
| #endif
| #ifdef HAVE_SYS_STAT_H
| # include <sys/stat.h>
| #endif
| #ifdef HAVE_UNISTD_H
| # include <unistd.h>
| #endif
| #include <machine/endian.h>
configure:6397: result: no
configure:6403: checking for sys/isa_defs.h
configure:6403: g++ -c -g  conftest.cpp >&5
conftest.cpp:54:10: fatal error: sys/isa_defs.h: No such file or directory
   54 | #include <sys/isa_defs.h>
      |          ^~~~~~~~~~~~~~~~
compilation terminated.
configure:6403: $? = 1
configure: failed program was:
| /* confdefs.h */
| #define PACKAGE_NAME ""
| #define PACKAGE_TARNAME ""
| #define PACKAGE_VERSION ""
| #define PACKAGE_STRING ""
| #define PACKAGE_BUGREPORT ""
| #define PACKAGE_URL ""
| #define VERSIONSTR "0.9.5"
| #define VERSIONHI 0
| #define VERSIONLO 9
| #define VERSIONP 5
| #define YYTEXT_POINTER 1
| #define HAVE_FLEX 1
| #define HAVE_STDIO_H 1
| #define HAVE_STDLIB_H 1
| #define HAVE_STRING_H 1
| #define HAVE_INTTYPES_H 1
| #define HAVE_STDINT_H 1
| #define HAVE_STRINGS_H 1
| #define HAVE_SYS_STAT_H 1
| #define HAVE_SYS_TYPES_H 1
| #define HAVE_UNISTD_H 1
| #define STDC_HEADERS 1
| #define HAVE_ENDIAN_H 1
| /* end confdefs.h.  */
| #include <stddef.h>
| #ifdef HAVE_STDIO_H
| # include <stdio.h>
| #endif
| #ifdef HAVE_STDLIB_H
| # include <stdlib.h>
| #endif
| #ifdef HAVE_STRING_H
| # include <string.h>
| #endif
| #ifdef HAVE_INTTYPES_H
| # include <inttypes.h>
| #endif
| #ifdef HAVE_STDINT_H
| # include <stdint.h>
| #endif
| #ifdef HAVE_STRINGS_H
| # include <strings.h>
| #endif
| #ifdef HAVE_SYS_TYPES_H
| # include <sys/types.h>
| #endif
| #ifdef HAVE_SYS_STAT_H
| # include <sys/stat.h>
| #endif
| #ifdef HAVE_UNISTD_H
| # include <unistd.h>
| #endif
| #include <sys/isa_defs.h>
configure:6403: result: no
configure:6410: checking for getopt.h
configure:6410: g++ -c -g  conftest.cpp >&5
configure:6410: $? = 0
configure:6410: result: yes
configure:6417: checking for unistd.h
configure:6417: result: yes
configure:6424: checking for termios.h
configure:6424: g++ -c -g  conftest.cpp >&5
configure:6424: $? = 0
configure:6424: result: yes
configure:6431: checking for inttypes.h
configure:6431: result: yes
configure:6438: checking for cstdint.h
configure:6438: g++ -c -g  conftest.cpp >&5
conftest.cpp:58:10: fatal error: cstdint.h: No such file or directory
   58 | #include <cstdint.h>
      |          ^~~~~~~~~~~
compilation terminated.
configure:6438: $? = 1
configure: failed program was:
| /* confdefs.h */
| #define PACKAGE_NAME ""
| #define PACKAGE_TARNAME ""
| #define PACKAGE_VERSION ""
| #define PACKAGE_STRING ""
| #define PACKAGE_BUGREPORT ""
| #define PACKAGE_URL ""
| #define VERSIONSTR "0.9.5"
| #define VERSIONHI 0
| #define VERSIONLO 9
| #define VERSIONP 5
| #define YYTEXT_POINTER 1
| #define HAVE_FLEX 1
| #define HAVE_STDIO_H 1
| #define HAVE_STDLIB_H 1
| #define HAVE_STRING_H 1
| #define HAVE_INTTYPES_H 1
| #define HAVE_STDINT_H 1
| #define HAVE_STRINGS_H 1
| #define HAVE_SYS_STAT_H 1
| #define HAVE_SYS_TYPES_H 1
| #define HAVE_UNISTD_H 1
| #define STDC_HEADERS 1
| #define HAVE_ENDIAN_H 1
| #define HAVE_GETOPT_H 1
| #define HAVE_UNISTD_H 1
| #define HAVE_TERMIOS_H 1
| #define HAVE_INTTYPES_H 1
| /* end confdefs.h.  */
| #include <stddef.h>
| #ifdef HAVE_STDIO_H
| # include <stdio.h>
| #endif
| #ifdef HAVE_STDLIB_H
| # include <stdlib.h>
| #endif
| #ifdef HAVE_STRING_H
| # include <string.h>
| #endif
| #ifdef HAVE_INTTYPES_H
| # include <inttypes.h>
| #endif
| #ifdef HAVE_STDINT_H
| # include <stdint.h>
| #endif
| #ifdef HAVE_STRINGS_H
| # include <strings.h>
| #endif
| #ifdef HAVE_SYS_TYPES_H
| # include <sys/types.h>
| #endif
| #ifdef HAVE_SYS_STAT_H
| # include <sys/stat.h>
| #endif
| #ifdef HAVE_UNISTD_H
| # include <unistd.h>
| #endif
| #include <cstdint.h>
configure:6438: result: no
configure:6445: checking for stdint.h
configure:6445: result: yes
configure:6452: checking for sys/wait.h
configure:6452: g++ -c -g  conftest.cpp >&5
configure:6452: $? = 0
configure:6452: result: yes
configure:6459: checking for wincon.h
configure:6459: g++ -c -g  conftest.cpp >&5
conftest.cpp:60:10: fatal error: wincon.h: No such file or directory
   60 | #include <wincon.h>
      |          ^~~~~~~~~~
compilation terminated.
configure:6459: $? = 1
configure: failed program was:
| /* confdefs.h */
| #define PACKAGE_NAME ""
| #define PACKAGE_TARNAME ""
| #define PACKAGE_VERSION ""
| #define PACKAGE_STRING ""
| #define PACKAGE_BUGREPORT ""
| #define PACKAGE_URL ""
| #define VERSIONSTR "0.9.5"
| #define VERSIONHI 0
| #define VERSIONLO 9
| #define VERSIONP 5
| #define YYTEXT_POINTER 1
| #define HAVE_FLEX 1
| #define HAVE_STDIO_H 1
| #define HAVE_STDLIB_H 1
| #define HAVE_STRING_H 1
| #define HAVE_INTTYPES_H 1
| #define HAVE_STDINT_H 1
| #define HAVE_STRINGS_H 1
| #define HAVE_SYS_STAT_H 1
| #define HAVE_SYS_TYPES_H 1
| #define HAVE_UNISTD_H 1
| #define STDC_HEADERS 1
| #define HAVE_ENDIAN_H 1
| #define HAVE_GETOPT_H 1
| #define HAVE_UNISTD_H 1
| #define HAVE_TERMIOS_H 1
| #define HAVE_INTTYPES_H 1
| #define HAVE_STDINT_H 1
| #define HAVE_SYS_WAIT_H 1
| /* end confdefs.h.  */
| #include <stddef.h>
| #ifdef HAVE_STDIO_H
| # include <stdio.h>
| #endif
| #ifdef HAVE_STDLIB_H
| # include <stdlib.h>
| #endif
| #ifdef HAVE_STRING_H
| # include <string.h>
| #endif
| #ifdef HAVE_INTTYPES_H
| # include <inttypes.h>
| #endif
| #ifdef HAVE_STDINT_H
| # include <stdint.h>
| #endif
| #ifdef HAVE_STRINGS_H
| # include <strings.h>
| #endif
| #ifdef HAVE_SYS_TYPES_H
| # include <sys/types.h>
| #endif
| #ifdef HAVE_SYS_STAT_H
| # include <sys/stat.h>
| #endif
| #ifdef HAVE_UNISTD_H
| # include <unistd.h>
| #endif
| #include <wincon.h>
configure:6459: result: no
configure:6466: checking for sys/select.h
configure:6466: g++ -c -g  conftest.cpp >&5
configure:6466: $? = 0
configure:6466: result: yes
configure:6474: checking for curses.h
configure:6474: g++ -c -g  conftest.cpp >&5
conftest.cpp:61:10: fatal error: curses.h: No such file or directory
   61 | #include <curses.h>
      |          ^~~~~~~~~~
compilation terminated.
configure:6474: $? = 1
configure: failed program was:
| /* confdefs.h */
| #define PACKAGE_NAME ""
| #define PACKAGE_TARNAME ""
| #define PACKAGE_VERSION ""
| #define PACKAGE_STRING ""
| #define PACKAGE_BUGREPORT ""
| #define PACKAGE_URL ""
| #define VERSIONSTR "0.9.5"
| #define VERSIONHI 0
| #define VERSIONLO 9
| #define VERSIONP 5
| #define YYTEXT_POINTER 1
| #define HAVE_FLEX 1
| #define HAVE_STDIO_H 1
| #define HAVE_STDLIB_H 1
| #define HAVE_STRING_H 1
| #define HAVE_INTTYPES_H 1
| #define HAVE_STDINT_H 1
| #define HAVE_STRINGS_H 1
| #define HAVE_SYS_STAT_H 1
| #define HAVE_SYS_TYPES_H 1
| #define HAVE_UNISTD_H 1
| #define STDC_HEADERS 1
| #define HAVE_ENDIAN_H 1
| #define HAVE_GETOPT_H 1
| #define HAVE_UNISTD_H 1
| #define HAVE_TERMIOS_H 1
| #define HAVE_INTTYPES_H 1
| #define HAVE_STDINT_H 1
| #define HAVE_SYS_WAIT_H 1
| #define HAVE_SYS_SELECT_H 1
| /* end confdefs.h.  */
| #include <stddef.h>
| #ifdef HAVE_STDIO_H
| # include <stdio.h>
| #endif
| #ifdef HAVE_STDLIB_H
| # include <stdlib.h>
| #endif
| #ifdef HAVE_STRING_H
| # include <string.h>
| #endif
| #ifdef HAVE_INTTYPES_H
| # include <inttypes.h>
| #endif
| #ifdef HAVE_STDINT_H
| # include <stdint.h>
| #endif
| #ifdef HAVE_STRINGS_H
| # include <strings.h>
| #endif
| #ifdef HAVE_SYS_TYPES_H
| # include <sys/types.h>
| #endif
| #ifdef HAVE_SYS_STAT_H
| # include <sys/stat.h>
| #endif
| #ifdef HAVE_UNISTD_H
| # include <unistd.h>
| #endif
| #include <curses.h>
configure:6474: result: no
configure:6489: checking for sys/socket.h
configure:6489: g++ -c -g  conftest.cpp >&5
configure:6489: $? = 0
configure:6489: result: yes
configure:6530: checking for egrep -e
configure:6660: result: /usr/bin/grep -E
conftest.cpp:36:25: warning: extra tokens at end of #include directive
   36 | #include <<sys/socket.h>>
      |                         ^
conftest.cpp:36:10: fatal error: <sys/socket.h: No such file or directory
   36 | #include <<sys/socket.h>>
      |          ^~~~~~~~~~~~~~~
compilation terminated.
configure:6688: checking for dlfcn.h
configure:6688: g++ -c -g  conftest.cpp >&5
configure:6688: $? = 0
configure:6688: result: yes
configure:6697: checking for dirent.h that defines DIR
configure:6717: g++ -c -g  conftest.cpp >&5
configure:6717: $? = 0
configure:6728: result: yes
configure:6742: checking for library containing opendir
configure:6771: g++ -o conftest -g   conftest.cpp  >&5
configure:6771: $? = 0
configure:6793: result: none required
configure:6868: checking which header file defines FD_ macros
conftest.cpp:40:10: fatal error: winsock2.h: No such file or directory
   40 | #include <winsock2.h>
      |          ^~~~~~~~~~~~
compilation terminated.
conftest.cpp:40:10: fatal error: gnu/types.h: No such file or directory
   40 | #include <gnu/types.h>
      |          ^~~~~~~~~~~~~
compilation terminated.
configure:6952: result: <sys/select.h>
configure:7021: checking for socket in -lsocket
configure:7043: g++ -o conftest -g   conftest.cpp -lsocket   >&5
/usr/bin/ld: cannot find -lsocket: No such file or directory
collect2: error: ld returned 1 exit status
configure:7043: $? = 1
configure: failed program was:
| /* confdefs.h */
| #define PACKAGE_NAME ""
| #define PACKAGE_TARNAME ""
| #define PACKAGE_VERSION ""
| #define PACKAGE_STRING ""
| #define PACKAGE_BUGREPORT ""
| #define PACKAGE_URL ""
| #define VERSIONSTR "0.9.5"
| #define VERSIONHI 0
| #define VERSIONLO 9
| #define VERSIONP 5
| #define YYTEXT_POINTER 1
| #define HAVE_FLEX 1
| #define HAVE_STDIO_H 1
| #define HAVE_STDLIB_H 1
| #define HAVE_STRING_H 1
| #define HAVE_INTTYPES_H 1
| #define HAVE_STDINT_H 1
| #define HAVE_STRINGS_H 1
| #define HAVE_SYS_STAT_H 1
| #define HAVE_SYS_TYPES_H 1
| #define HAVE_UNISTD_H 1
| #define STDC_HEADERS 1
| #define HAVE_ENDIAN_H 1
| #define HAVE_GETOPT_H 1
| #define HAVE_UNISTD_H 1
| #define HAVE_TERMIOS_H 1
| #define HAVE_INTTYPES_H 1
| #define HAVE_STDINT_H 1
| #define HAVE_SYS_WAIT_H 1
| #define HAVE_SYS_SELECT_H 1
| #define HAVE_SYS_SOCKET_H 1
| #define SOCKET_AVAIL 1
| #define UCSOCKET_T int
| #define SOCKLEN_T uint
| #define HEADER_SOCKET <sys/socket.h>
| #define HAVE_DIRENT_H 1
| #define FD_NEED_TIME_H 0
| #define FD_NEED_TYPES_H 0
| #define FD_NEED_GNUTYPES_H 0
| #define FD_NEED_SELECT_H 1
| #define FD_NEED_WINSOCK2_H 0
| #define HEADER_FD <sys/select.h>
| /* end confdefs.h.  */
| 
| namespace conftest {
|   extern "C" int socket ();
| }
| int
| main (void)
| {
| return conftest::socket ();
|   ;
|   return 0;
| }
configure:7055: result: no
configure:7065: checking for xdr_short in -lnsl
configure:7087: g++ -o conftest -g   conftest.cpp -lnsl   >&5
/usr/bin/ld: cannot find -lnsl: No such file or directory
collect2: error: ld returned 1 exit status
configure:7087: $? = 1
configure: failed program was:
| /* confdefs.h */
| #define PACKAGE_NAME ""
| #define PACKAGE_TARNAME ""
| #define PACKAGE_VERSION ""
| #define PACKAGE_STRING ""
| #define PACKAGE_BUGREPORT ""
| #define PACKAGE_URL ""
| #define VERSIONSTR "0.9.5"
| #define VERSIONHI 0
| #define VERSIONLO 9
| #define VERSIONP 5
| #define YYTEXT_POINTER 1
| #define HAVE_FLEX 1
| #define HAVE_STDIO_H 1
| #define HAVE_STDLIB_H 1
| #define HAVE_STRING_H 1
| #define HAVE_INTTYPES_H 1
| #define HAVE_STDINT_H 1
| #define HAVE_STRINGS_H 1
| #define HAVE_SYS_STAT_H 1
| #define HAVE_SYS_TYPES_H 1
| #define HAVE_UNISTD_H 1
| #define STDC_HEADERS 1
| #define HAVE_ENDIAN_H 1
| #define HAVE_GETOPT_H 1
| #define HAVE_UNISTD_H 1
| #define HAVE_TERMIOS_H 1
| #define HAVE_INTTYPES_H 1
| #define HAVE_STDINT_H 1
| #define HAVE_SYS_WAIT_H 1
| #define HAVE_SYS_SELECT_H 1
| #define HAVE_SYS_SOCKET_H 1
| #define SOCKET_AVAIL 1
| #define UCSOCKET_T int
| #define SOCKLEN_T uint
| #define HEADER_SOCKET <sys/socket.h>
| #define HAVE_DIRENT_H 1
| #define FD_NEED_TIME_H 0
| #define FD_NEED_TYPES_H 0
| #define FD_NEED_GNUTYPES_H 0
| #define FD_NEED_SELECT_H 1
| #define FD_NEED_WINSOCK2_H 0
| #define HEADER_FD <sys/select.h>
| /* end confdefs.h.  */
| 
| namespace conftest {
|   extern "C" int xdr_short ();
| }
| int
| main (void)
| {
| return conftest::xdr_short ();
|   ;
|   return 0;
| }
configure:7099: result: no
configure:7109: checking for nanosleep in -lrt
configure:7131: g++ -o conftest -g   conftest.cpp -lrt   >&5
configure:7131: $? = 0
configure:7143: result: yes
configure:7154: checking for fmod in -lm
configure:7176: g++ -o conftest -g   conftest.cpp -lm  -lrt  >&5
configure:7176: $? = 0
configure:7188: result: yes
configure:7199: checking for dlopen in -ldl
configure:7221: g++ -o conftest -g   conftest.cpp -ldl  -lm -lrt  >&5
configure:7221: $? = 0
configure:7233: result: yes
configure:7449: checking for pid_t
configure:7449: g++ -c -g  conftest.cpp >&5
configure:7449: $? = 0
configure:7449: g++ -c -g  conftest.cpp >&5
conftest.cpp: In function 'int main()':
conftest.cpp:79:19: error: expected primary-expression before ')' token
   79 | if (sizeof ((pid_t)))
      |                   ^
configure:7449: $? = 1
configure: failed program was:
| /* confdefs.h */
| #define PACKAGE_NAME ""
| #define PACKAGE_TARNAME ""
| #define PACKAGE_VERSION ""
| #define PACKAGE_STRING ""
| #define PACKAGE_BUGREPORT ""
| #define PACKAGE_URL ""
| #define VERSIONSTR "0.9.5"
| #define VERSIONHI 0
| #define VERSIONLO 9
| #define VERSIONP 5
| #define YYTEXT_POINTER 1
| #define HAVE_FLEX 1
| #define HAVE_STDIO_H 1
| #define HAVE_STDLIB_H 1
| #define HAVE_STRING_H 1
| #define HAVE_INTTYPES_H 1
| #define HAVE_STDINT_H 1
| #define HAVE_STRINGS_H 1
| #define HAVE_SYS_STAT_H 1
| #define HAVE_SYS_TYPES_H 1
| #define HAVE_UNISTD_H 1
| #define STDC_HEADERS 1
| #define HAVE_ENDIAN_H 1
| #define HAVE_GETOPT_H 1
| #define HAVE_UNISTD_H 1
| #define HAVE_TERMIOS_H 1
| #define HAVE_INTTYPES_H 1
| #define HAVE_STDINT_H 1
| #define HAVE_SYS_WAIT_H 1
| #define HAVE_SYS_SELECT_H 1
| #define HAVE_SYS_SOCKET_H 1
| #define SOCKET_AVAIL 1
| #define UCSOCKET_T int
| #define SOCKLEN_T uint
| #define HEADER_SOCKET <sys/socket.h>
| #define HAVE_DIRENT_H 1
| #define FD_NEED_TIME_H 0
| #define FD_NEED_TYPES_H 0
| #define FD_NEED_GNUTYPES_H 0
| #define FD_NEED_SELECT_H 1
| #define FD_NEED_WINSOCK2_H 0
| #define HEADER_FD <sys/select.h>
| #define HAVE_LIBRT 1
| #define HAVE_LIBM 1
| /* end confdefs.h.  */
| #include <stddef.h>
| #ifdef HAVE_STDIO_H
| # include <stdio.h>
| #endif
| #ifdef HAVE_STDLIB_H
| # include <stdlib.h>
| #endif
| #ifdef HAVE_STRING_H
| # include <string.h>
| #endif
| #ifdef HAVE_INTTYPES_H
| # include <inttypes.h>
| #endif
| #ifdef HAVE_STDINT_H
| # include <stdint.h>
| #endif
| #ifdef HAVE_STRINGS_H
| # include <strings.h>
| #endif
| #ifdef HAVE_SYS_TYPES_H
| # include <sys/types.h>
| #endif
| #ifdef HAVE_SYS_STAT_H
| # include <sys/stat.h>
| #endif
| #ifdef HAVE_UNISTD_H
| # include <unistd.h>
| #endif
| 
| int
| main (void)
| {
| if (sizeof ((pid_t)))
| 	    return 0;
|   ;
|   return 0;
| }
configure:7449: result: yes
configure:7492: checking for fork
configure:7492: g++ -o conftest -g   conftest.cpp -lm -lrt  >&5
conftest.cpp:63:6: warning: declaration of 'char fork()' conflicts with built-in declaration 'int fork()' [-Wbuiltin-declaration-mismatch]
   63 | char fork (void);
      |      ^~~~
configure:7492: $? = 0
configure:7492: result: yes
configure:7492: checking for vfork
configure:7492: g++ -o conftest -g   conftest.cpp -lm -lrt  >&5
configure:7492: $? = 0
configure:7492: result: yes
configure:7505: checking for working fork
configure:7529: g++ -o conftest -g   conftest.cpp -lm -lrt  >&5
configure:7529: $? = 0
configure:7529: ./conftest
configure:7529: $? = 0
configure:7543: result: yes
configure:7564: checking for working vfork
configure:7696: result: yes
configure:7721: checking for _exit
configure:7721: g++ -o conftest -g   conftest.cpp -lm -lrt  >&5
conftest.cpp:67:6: warning: declaration of 'char _exit()' conflicts with built-in declaration 'void _exit(int)' [-Wbuiltin-declaration-mismatch]
   67 | char _exit (void);
      |      ^~~~~
configure:7721: $? = 0
configure:7721: result: yes
configure:7727: checking for dup2
configure:7727: g++ -o conftest -g   conftest.cpp -lm -lrt  >&5
configure:7727: $? = 0
configure:7727: result: yes
configure:7733: checking for dup3
configure:7733: g++ -o conftest -g   conftest.cpp -lm -lrt  >&5
configure:7733: $? = 0
configure:7733: result: yes
configure:7739: checking for pipe
configure:7739: g++ -o conftest -g   conftest.cpp -lm -lrt  >&5
configure:7739: $? = 0
configure:7739: result: yes
configure:7745: checking for pipe2
configure:7745: g++ -o conftest -g   conftest.cpp -lm -lrt  >&5
configure:7745: $? = 0
configure:7745: result: yes
configure:7751: checking for waitpid
configure:7751: g++ -o conftest -g   conftest.cpp -lm -lrt  >&5
configure:7751: $? = 0
configure:7751: result: yes
configure:7758: checking for vasprintf
configure:7758: g++ -o conftest -g   conftest.cpp -lm -lrt  >&5
configure:7758: $? = 0
configure:7758: result: yes
configure:7765: checking for vsnprintf
configure:7765: g++ -o conftest -g   conftest.cpp -lm -lrt  >&5
conftest.cpp:74:6: warning: declaration of 'char vsnprintf()' conflicts with built-in declaration 'int vsnprintf(char*, long unsigned int, const char*, __va_list_tag*)' [-Wbuiltin-declaration-mismatch]
   74 | char vsnprintf (void);
      |      ^~~~~~~~~
configure:7765: $? = 0
configure:7765: result: yes
configure:7772: checking for yylex
configure:7772: g++ -o conftest -g   conftest.cpp -lm -lrt  >&5
/usr/bin/ld: /tmp/ccSbL8wj.o: in function `main':
/home/loan/punxa_6502/sdcc/sim/ucsim/conftest.cpp:86:(.text+0x9): undefined reference to `yylex'
collect2: error: ld returned 1 exit status
configure:7772: $? = 1
configure: failed program was:
| /* confdefs.h */
| #define PACKAGE_NAME ""
| #define PACKAGE_TARNAME ""
| #define PACKAGE_VERSION ""
| #define PACKAGE_STRING ""
| #define PACKAGE_BUGREPORT ""
| #define PACKAGE_URL ""
| #define VERSIONSTR "0.9.5"
| #define VERSIONHI 0
| #define VERSIONLO 9
| #define VERSIONP 5
| #define YYTEXT_POINTER 1
| #define HAVE_FLEX 1
| #define HAVE_STDIO_H 1
| #define HAVE_STDLIB_H 1
| #define HAVE_STRING_H 1
| #define HAVE_INTTYPES_H 1
| #define HAVE_STDINT_H 1
| #define HAVE_STRINGS_H 1
| #define HAVE_SYS_STAT_H 1
| #define HAVE_SYS_TYPES_H 1
| #define HAVE_UNISTD_H 1
| #define STDC_HEADERS 1
| #define HAVE_ENDIAN_H 1
| #define HAVE_GETOPT_H 1
| #define HAVE_UNISTD_H 1
| #define HAVE_TERMIOS_H 1
| #define HAVE_INTTYPES_H 1
| #define HAVE_STDINT_H 1
| #define HAVE_SYS_WAIT_H 1
| #define HAVE_SYS_SELECT_H 1
| #define HAVE_SYS_SOCKET_H 1
| #define SOCKET_AVAIL 1
| #define UCSOCKET_T int
| #define SOCKLEN_T uint
| #define HEADER_SOCKET <sys/socket.h>
| #define HAVE_DIRENT_H 1
| #define FD_NEED_TIME_H 0
| #define FD_NEED_TYPES_H 0
| #define FD_NEED_GNUTYPES_H 0
| #define FD_NEED_SELECT_H 1
| #define FD_NEED_WINSOCK2_H 0
| #define HEADER_FD <sys/select.h>
| #define HAVE_LIBRT 1
| #define HAVE_LIBM 1
| #define HAVE_FORK 1
| #define HAVE_VFORK 1
| #define HAVE_WORKING_VFORK 1
| #define HAVE_WORKING_FORK 1
| #define HAVE__EXIT 1
| #define HAVE_DUP2 1
| #define HAVE_DUP3 1
| #define HAVE_PIPE 1
| #define HAVE_PIPE2 1
| #define HAVE_WAITPID 1
| #define HAVE_VASPRINTF 1
| #define HAVE_VSNPRINTF 1
| /* end confdefs.h.  */
| /* Define yylex to an innocuous variant, in case <limits.h> declares yylex.
|    For example, HP-UX 11i <limits.h> declares gettimeofday.  */
| #define yylex innocuous_yylex
| 
| /* System header to define __stub macros and hopefully few prototypes,
|    which can conflict with char yylex (void); below.  */
| 
| #include <limits.h>
| #undef yylex
| 
| /* Override any GCC internal prototype to avoid an error.
|    Use char because int might match the return type of a GCC
|    builtin and then its argument prototype would still apply.  */
| #ifdef __cplusplus
| extern "C"
| #endif
| char yylex (void);
| /* The GNU C library defines this for functions which it implements
|     to always fail with ENOSYS.  Some functions are actually named
|     something starting with __ and the normal name is an alias.  */
| #if defined __stub_yylex || defined __stub___yylex
| choke me
| #endif
| 
| int
| main (void)
| {
| return yylex ();
|   ;
|   return 0;
| }
configure:7772: result: no
configure:7779: checking for nanosleep
configure:7779: g++ -o conftest -g   conftest.cpp -lm -lrt  >&5
configure:7779: $? = 0
configure:7779: result: yes
configure:7785: checking for usleep
configure:7785: g++ -o conftest -g   conftest.cpp -lm -lrt  >&5
configure:7785: $? = 0
configure:7785: result: yes
configure:7792: checking for fmod
configure:7792: g++ -o conftest -g   conftest.cpp -lm -lrt  >&5
conftest.cpp:77:6: warning: declaration of 'char fmod()' conflicts with built-in declaration 'double fmod(double, double)' [-Wbuiltin-declaration-mismatch]
   77 | char fmod (void);
      |      ^~~~
configure:7792: $? = 0
configure:7792: result: yes
configure:7897: checking whether byte ordering is bigendian
configure:7913: g++ -c -g  conftest.cpp >&5
conftest.cpp:63:16: error: expected unqualified-id before 'not' token
   63 |                not a universal capable compiler
      |                ^~~
configure:7913: $? = 1
configure: failed program was:
| /* confdefs.h */
| #define PACKAGE_NAME ""
| #define PACKAGE_TARNAME ""
| #define PACKAGE_VERSION ""
| #define PACKAGE_STRING ""
| #define PACKAGE_BUGREPORT ""
| #define PACKAGE_URL ""
| #define VERSIONSTR "0.9.5"
| #define VERSIONHI 0
| #define VERSIONLO 9
| #define VERSIONP 5
| #define YYTEXT_POINTER 1
| #define HAVE_FLEX 1
| #define HAVE_STDIO_H 1
| #define HAVE_STDLIB_H 1
| #define HAVE_STRING_H 1
| #define HAVE_INTTYPES_H 1
| #define HAVE_STDINT_H 1
| #define HAVE_STRINGS_H 1
| #define HAVE_SYS_STAT_H 1
| #define HAVE_SYS_TYPES_H 1
| #define HAVE_UNISTD_H 1
| #define STDC_HEADERS 1
| #define HAVE_ENDIAN_H 1
| #define HAVE_GETOPT_H 1
| #define HAVE_UNISTD_H 1
| #define HAVE_TERMIOS_H 1
| #define HAVE_INTTYPES_H 1
| #define HAVE_STDINT_H 1
| #define HAVE_SYS_WAIT_H 1
| #define HAVE_SYS_SELECT_H 1
| #define HAVE_SYS_SOCKET_H 1
| #define SOCKET_AVAIL 1
| #define UCSOCKET_T int
| #define SOCKLEN_T uint
| #define HEADER_SOCKET <sys/socket.h>
| #define HAVE_DIRENT_H 1
| #define FD_NEED_TIME_H 0
| #define FD_NEED_TYPES_H 0
| #define FD_NEED_GNUTYPES_H 0
| #define FD_NEED_SELECT_H 1
| #define FD_NEED_WINSOCK2_H 0
| #define HEADER_FD <sys/select.h>
| #define HAVE_LIBRT 1
| #define HAVE_LIBM 1
| #define HAVE_FORK 1
| #define HAVE_VFORK 1
| #define HAVE_WORKING_VFORK 1
| #define HAVE_WORKING_FORK 1
| #define HAVE__EXIT 1
| #define HAVE_DUP2 1
| #define HAVE_DUP3 1
| #define HAVE_PIPE 1
| #define HAVE_PIPE2 1
| #define HAVE_WAITPID 1
| #define HAVE_VASPRINTF 1
| #define HAVE_VSNPRINTF 1
| #define HAVE_NANOSLEEP 1
| #define HAVE_USLEEP 1
| #define HAVE_FMOD 1
| /* end confdefs.h.  */
| #ifndef __APPLE_CC__
| 	       not a universal capable compiler
| 	     #endif
| 	     typedef int dummy;
| 
configure:7959: g++ -c -g  conftest.cpp >&5
configure:7959: $? = 0
configure:7978: g++ -c -g  conftest.cpp >&5
conftest.cpp: In function 'int main()':
conftest.cpp:69:22: error: 'big' was not declared in this scope
   69 |                  not big endian
      |                      ^~~
configure:7978: $? = 1
configure: failed program was:
| /* confdefs.h */
| #define PACKAGE_NAME ""
| #define PACKAGE_TARNAME ""
| #define PACKAGE_VERSION ""
| #define PACKAGE_STRING ""
| #define PACKAGE_BUGREPORT ""
| #define PACKAGE_URL ""
| #define VERSIONSTR "0.9.5"
| #define VERSIONHI 0
| #define VERSIONLO 9
| #define VERSIONP 5
| #define YYTEXT_POINTER 1
| #define HAVE_FLEX 1
| #define HAVE_STDIO_H 1
| #define HAVE_STDLIB_H 1
| #define HAVE_STRING_H 1
| #define HAVE_INTTYPES_H 1
| #define HAVE_STDINT_H 1
| #define HAVE_STRINGS_H 1
| #define HAVE_SYS_STAT_H 1
| #define HAVE_SYS_TYPES_H 1
| #define HAVE_UNISTD_H 1
| #define STDC_HEADERS 1
| #define HAVE_ENDIAN_H 1
| #define HAVE_GETOPT_H 1
| #define HAVE_UNISTD_H 1
| #define HAVE_TERMIOS_H 1
| #define HAVE_INTTYPES_H 1
| #define HAVE_STDINT_H 1
| #define HAVE_SYS_WAIT_H 1
| #define HAVE_SYS_SELECT_H 1
| #define HAVE_SYS_SOCKET_H 1
| #define SOCKET_AVAIL 1
| #define UCSOCKET_T int
| #define SOCKLEN_T uint
| #define HEADER_SOCKET <sys/socket.h>
| #define HAVE_DIRENT_H 1
| #define FD_NEED_TIME_H 0
| #define FD_NEED_TYPES_H 0
| #define FD_NEED_GNUTYPES_H 0
| #define FD_NEED_SELECT_H 1
| #define FD_NEED_WINSOCK2_H 0
| #define HEADER_FD <sys/select.h>
| #define HAVE_LIBRT 1
| #define HAVE_LIBM 1
| #define HAVE_FORK 1
| #define HAVE_VFORK 1
| #define HAVE_WORKING_VFORK 1
| #define HAVE_WORKING_FORK 1
| #define HAVE__EXIT 1
| #define HAVE_DUP2 1
| #define HAVE_DUP3 1
| #define HAVE_PIPE 1
| #define HAVE_PIPE2 1
| #define HAVE_WAITPID 1
| #define HAVE_VASPRINTF 1
| #define HAVE_VSNPRINTF 1
| #define HAVE_NANOSLEEP 1
| #define HAVE_USLEEP 1
| #define HAVE_FMOD 1
| /* end confdefs.h.  */
| #include <sys/types.h>
| 		#include <sys/param.h>
| 
| int
| main (void)
| {
| #if BYTE_ORDER != BIG_ENDIAN
| 		 not big endian
| 		#endif
| 
|   ;
|   return 0;
| }
configure:8119: result: no
configure:8142: checking whether preprocessor accepts -MM or -M
Using built-in specs.
COLLECT_GCC=g++
OFFLOAD_TARGET_NAMES=nvptx-none:amdgcn-amdhsa
OFFLOAD_TARGET_DEFAULT=1
Target: x86_64-linux-gnu
Configured with: ../src/configure -v --with-pkgversion='Ubuntu 13.3.0-6ubuntu2~24.04' --with-bugurl=file:///usr/share/doc/gcc-13/README.Bugs --enable-languages=c,ada,c++,go,d,fortran,objc,obj-c++,m2 --prefix=/usr --with-gcc-major-version-only --program-suffix=-13 --program-prefix=x86_64-linux-gnu- --enable-shared --enable-linker-build-id --libexecdir=/usr/libexec --without-included-gettext --enable-threads=posix --libdir=/usr/lib --enable-nls --enable-bootstrap --enable-clocale=gnu --enable-libstdcxx-debug --enable-libstdcxx-time=yes --with-default-libstdcxx-abi=new --enable-libstdcxx-backtrace --enable-gnu-unique-object --disable-vtable-verify --enable-plugin --enable-default-pie --with-system-zlib --enable-libphobos-checking=release --with-target-system-zlib=auto --enable-objc-gc=auto --enable-multiarch --disable-werror --enable-cet --with-arch-32=i686 --with-abi=m64 --with-multilib-list=m32,m64,mx32 --enable-multilib --with-tune=generic --enable-offload-targets=nvptx-none=/build/gcc-13-fG75Ri/gcc-13-13.3.0/debian/tmp-nvptx/usr,amdgcn-amdhsa=/build/gcc-13-fG75Ri/gcc-13-13.3.0/debian/tmp-gcn/usr --enable-offload-defaulted --without-cuda-driver --enable-checking=release --build=x86_64-linux-gnu --host=x86_64-linux-gnu --target=x86_64-linux-gnu --with-build-config=bootstrap-lto-lean --enable-link-serialization=2
Thread model: posix
Supported LTO compression algorithms: zlib zstd
gcc version 13.3.0 (Ubuntu 13.3.0-6ubuntu2~24.04) 
COLLECT_GCC_OPTIONS='-E' '-v' '-MM' '-shared-libgcc' '-mtune=generic' '-march=x86-64'
 /usr/libexec/gcc/x86_64-linux-gnu/13/cc1plus -E -quiet -v -imultiarch x86_64-linux-gnu -MM -D_GNU_SOURCE _test_.c -mtune=generic -march=x86-64 -fasynchronous-unwind-tables -fstack-protector-strong -Wformat -Wformat-security -fstack-clash-protection -fcf-protection -dumpbase _test_.c -dumpbase-ext .c
ignoring duplicate directory "/usr/include/x86_64-linux-gnu/c++/13"
ignoring nonexistent directory "/usr/local/include/x86_64-linux-gnu"
ignoring nonexistent directory "/usr/lib/gcc/x86_64-linux-gnu/13/include-fixed/x86_64-linux-gnu"
ignoring nonexistent directory "/usr/lib/gcc/x86_64-linux-gnu/13/include-fixed"
ignoring nonexistent directory "/usr/lib/gcc/x86_64-linux-gnu/13/../../../../x86_64-linux-gnu/include"
#include "..." search starts here:
#include <...> search starts here:
 /usr/include/c++/13
 /usr/include/x86_64-linux-gnu/c++/13
 /usr/include/c++/13/backward
 /usr/lib/gcc/x86_64-linux-gnu/13/include
 /usr/local/include
 /usr/include/x86_64-linux-gnu
 /usr/include
End of search list.
_test_.o: _test_.c
COMPILER_PATH=/usr/libexec/gcc/x86_64-linux-gnu/13/:/usr/libexec/gcc/x86_64-linux-gnu/13/:/usr/libexec/gcc/x86_64-linux-gnu/:/usr/lib/gcc/x86_64-linux-gnu/13/:/usr/lib/gcc/x86_64-linux-gnu/
LIBRARY_PATH=/usr/lib/gcc/x86_64-linux-gnu/13/:/usr/lib/gcc/x86_64-linux-gnu/13/../../../x86_64-linux-gnu/:/usr/lib/gcc/x86_64-linux-gnu/13/../../../../lib/:/lib/x86_64-linux-gnu/:/lib/../lib/:/usr/lib/x86_64-linux-gnu/:/usr/lib/../lib/:/usr/lib/gcc/x86_64-linux-gnu/13/../../../:/lib/:/usr/lib/
COLLECT_GCC_OPTIONS='-E' '-v' '-MM' '-shared-libgcc' '-mtune=generic' '-march=x86-64'
configure:8159: result: -MM
configure:8170: checking whether C++ accepts -pipe
configure:8191: g++ -c -pipe  conftest.cpp >&5
configure:8191: $? = 0
configure:8203: result: yes
configure:8221: checking whether C++ accepts -Wno-overloaded-virtual
configure:8242: g++ -c -Wno-overloaded-virtual  conftest.cpp >&5
configure:8242: $? = 0
configure:8254: result: yes
configure:8265: checking whether C++ accepts -Wno-unused-parameters
configure:8286: g++ -c -Wno-unused-parameters  conftest.cpp >&5
configure:8286: $? = 0
configure:8298: result: yes
configure:8309: checking whether C++ accepts -Wno-unused
configure:8330: g++ -c -Wno-unused  conftest.cpp >&5
configure:8330: $? = 0
configure:8342: result: yes
configure:8421: checking size of char
configure:8427: g++ -o conftest -g -pipe   conftest.cpp -lm -lrt  >&5
configure:8427: $? = 0
configure:8427: ./conftest
configure:8427: $? = 0
configure:8444: result: 1
configure:8456: checking size of short
configure:8462: g++ -o conftest -g -pipe   conftest.cpp -lm -lrt  >&5
configure:8462: $? = 0
configure:8462: ./conftest
configure:8462: $? = 0
configure:8479: result: 2
configure:8491: checking size of int
configure:8497: g++ -o conftest -g -pipe   conftest.cpp -lm -lrt  >&5
configure:8497: $? = 0
configure:8497: ./conftest
configure:8497: $? = 0
configure:8514: result: 4
configure:8526: checking size of long
configure:8532: g++ -o conftest -g -pipe   conftest.cpp -lm -lrt  >&5
configure:8532: $? = 0
configure:8532: ./conftest
configure:8532: $? = 0
configure:8549: result: 8
configure:8561: checking size of long long
configure:8567: g++ -o conftest -g -pipe   conftest.cpp -lm -lrt  >&5
configure:8567: $? = 0
configure:8567: ./conftest
configure:8567: $? = 0
configure:8584: result: 8
configure:8596: checking size of void *
configure:8602: g++ -o conftest -g -pipe   conftest.cpp -lm -lrt  >&5
configure:8602: $? = 0
configure:8602: ./conftest
configure:8602: $? = 0
configure:8619: result: 8
configure:8679: checking type name for byte
configure:8682: result: char
configure:8684: checking specifier for byte
configure:8687: result: ""
configure:8689: checking type name for word
configure:8692: result: short
configure:8694: checking specifier for word
configure:8697: result: "h"
configure:8699: checking type name for dword
configure:8702: result: int
configure:8704: checking specifier for dword
configure:8707: result: ""
configure:8709: checking type name for qword
configure:8712: result: long
configure:8714: checking specifier for qword
configure:8717: result: "l"
configure:8883: creating ./config.status

## ---------------------- ##
## Running config.status. ##
## ---------------------- ##

This file was extended by config.status, which was
generated by GNU Autoconf 2.72.  Invocation command line was

  CONFIG_FILES    = 
  CONFIG_HEADERS  = 
  CONFIG_LINKS    = 
  CONFIG_COMMANDS = 
  $ ./config.status 

on loan-asus

config.status:964: creating Makefile
config.status:964: creating src/Makefile
config.status:964: creating src/common.mk
config.status:964: creating src/packages.mk
config.status:964: creating src/core/cmd.src/Makefile
config.status:964: creating src/core/motorola.src/Makefile
config.status:964: creating src/core/utils.src/Makefile
config.status:964: creating src/core/sim.src/Makefile
config.status:964: creating src/core/sim.src/test/Makefile
config.status:964: creating src/core/gui.src/Makefile
config.status:964: creating src/sims/avr.src/Makefile
config.status:964: creating src/sims/avr.src/test/Makefile
config.status:964: creating src/sims/m68hc08.src/Makefile
config.status:964: creating src/sims/m68hc08.src/test/Makefile
config.status:964: creating src/sims/m6809.src/Makefile
config.status:964: creating src/sims/m6809.src/test/Makefile
config.status:964: creating src/sims/m6800.src/Makefile
config.status:964: creating src/sims/m6800.src/test/Makefile
config.status:964: creating src/sims/m68hc11.src/Makefile
config.status:964: creating src/sims/m68hc11.src/test/Makefile
config.status:964: creating src/sims/m68hc12.src/Makefile
config.status:964: creating src/sims/m68hc12.src/test/Makefile
config.status:964: creating src/sims/mos6502.src/Makefile
config.status:964: creating src/sims/mos6502.src/test/Makefile
config.status:964: creating src/sims/rxk.src/Makefile
config.status:964: creating src/sims/rxk.src/test/Makefile
config.status:964: creating src/sims/pblaze.src/Makefile
config.status:964: creating src/sims/pblaze.src/test/Makefile
config.status:964: creating src/sims/i8085.src/Makefile
config.status:964: creating src/sims/i8085.src/test/Makefile
config.status:964: creating src/sims/f8.src/Makefile
config.status:964: creating src/sims/f8.src/test/Makefile
config.status:964: creating src/sims/i8048.src/Makefile
config.status:964: creating src/sims/i8048.src/test/Makefile
config.status:964: creating src/sims/p1516.src/Makefile
config.status:964: creating src/sims/p1516.src/test/Makefile
config.status:964: creating src/sims/pdk.src/Makefile
config.status:964: creating src/sims/pdk.src/test/Makefile
config.status:964: creating src/sims/s51.src/Makefile
config.status:964: creating src/sims/s51.src/test/Makefile
config.status:964: creating src/sims/st7.src/Makefile
config.status:964: creating src/sims/st7.src/test/Makefile
config.status:964: creating src/sims/stm8.src/Makefile
config.status:964: creating src/sims/stm8.src/test/Makefile
config.status:964: creating src/sims/tlcs.src/Makefile
config.status:964: creating src/sims/tlcs.src/test/Makefile
config.status:964: creating src/sims/xa.src/Makefile
config.status:964: creating src/sims/xa.src/test/Makefile
config.status:964: creating src/sims/z80.src/Makefile
config.status:964: creating src/sims/z80.src/test/Makefile
config.status:964: creating src/sims/oisc.src/Makefile
config.status:964: creating src/sims/oisc.src/test/Makefile
config.status:964: creating src/apps/serio.src/Makefile
config.status:964: creating src/apps/ucsim.src/Makefile
config.status:964: creating docs/Makefile
config.status:964: creating src/core/utils.src/ddconfig.h
config.status:1139: src/core/utils.src/ddconfig.h is unchanged

## ---------------- ##
## Cache variables. ##
## ---------------- ##

ac_cv_c_bigendian=no
ac_cv_c_compiler_gnu=yes
ac_cv_cxx_compiler_gnu=yes
ac_cv_env_CCC_set=
ac_cv_env_CCC_value=
ac_cv_env_CC_set=
ac_cv_env_CC_value=
ac_cv_env_CFLAGS_set=set
ac_cv_env_CFLAGS_value='-I /usr/include/'
ac_cv_env_CPPFLAGS_set=
ac_cv_env_CPPFLAGS_value=
ac_cv_env_CXXCPP_set=
ac_cv_env_CXXCPP_value=
ac_cv_env_CXXFLAGS_set=
ac_cv_env_CXXFLAGS_value=
ac_cv_env_CXX_set=
ac_cv_env_CXX_value=
ac_cv_env_LDFLAGS_set=
ac_cv_env_LDFLAGS_value=
ac_cv_env_LIBS_set=
ac_cv_env_LIBS_value=
ac_cv_env_YACC_set=
ac_cv_env_YACC_value=
ac_cv_env_YFLAGS_set=
ac_cv_env_YFLAGS_value=
ac_cv_env_build_alias_set=
ac_cv_env_build_alias_value=
ac_cv_env_docdir_set=set
ac_cv_env_docdir_value='${datarootdir}/doc/${PACKAGE}'
ac_cv_env_host_alias_set=
ac_cv_env_host_alias_value=
ac_cv_env_target_alias_set=
ac_cv_env_target_alias_value=
ac_cv_func__exit=yes
ac_cv_func_dup2=yes
ac_cv_func_dup3=yes
ac_cv_func_fmod=yes
ac_cv_func_fork=yes
ac_cv_func_fork_works=yes
ac_cv_func_nanosleep=yes
ac_cv_func_pipe2=yes
ac_cv_func_pipe=yes
ac_cv_func_usleep=yes
ac_cv_func_vasprintf=yes
ac_cv_func_vfork=yes
ac_cv_func_vfork_works=yes
ac_cv_func_vsnprintf=yes
ac_cv_func_waitpid=yes
ac_cv_func_yylex=no
ac_cv_header_cstdint_h=no
ac_cv_header_curses_h=no
ac_cv_header_dirent_dirent_h=yes
ac_cv_header_dlfcn_h=yes
ac_cv_header_endian_h=yes
ac_cv_header_getopt_h=yes
ac_cv_header_inttypes_h=yes
ac_cv_header_machine_endian_h=no
ac_cv_header_stdint_h=yes
ac_cv_header_stdio_h=yes
ac_cv_header_stdlib_h=yes
ac_cv_header_string_h=yes
ac_cv_header_strings_h=yes
ac_cv_header_sys_endian_h=no
ac_cv_header_sys_isa_defs_h=no
ac_cv_header_sys_select_h=yes
ac_cv_header_sys_socket_h=yes
ac_cv_header_sys_stat_h=yes
ac_cv_header_sys_types_h=yes
ac_cv_header_sys_wait_h=yes
ac_cv_header_termios_h=yes
ac_cv_header_unistd_h=yes
ac_cv_header_vfork_h=no
ac_cv_header_wincon_h=no
ac_cv_lib_dl_dlopen=yes
ac_cv_lib_lex='none needed'
ac_cv_lib_m_fmod=yes
ac_cv_lib_nsl_xdr_short=no
ac_cv_lib_rt_nanosleep=yes
ac_cv_lib_socket_socket=no
ac_cv_objext=o
ac_cv_path_EGREP_TRADITIONAL='/usr/bin/grep -E'
ac_cv_path_SED=/usr/bin/sed
ac_cv_path_install='/usr/bin/install -c'
ac_cv_prog_AWK=mawk
ac_cv_prog_CXXCPP='g++ -E'
ac_cv_prog_LEX=flex
ac_cv_prog_YACC='bison -y'
ac_cv_prog_ac_ct_AR=ar
ac_cv_prog_ac_ct_CC=gcc
ac_cv_prog_ac_ct_CXX=g++
ac_cv_prog_ac_ct_RANLIB=ranlib
ac_cv_prog_ac_ct_STRIP=strip
ac_cv_prog_cc_c11=
ac_cv_prog_cc_g=yes
ac_cv_prog_cc_stdc=
ac_cv_prog_cxx_cxx11=
ac_cv_prog_cxx_g=yes
ac_cv_prog_cxx_stdcxx=
ac_cv_prog_lex_root=lex.yy
ac_cv_prog_lex_yytext_pointer=yes
ac_cv_search_opendir='none required'
ac_cv_sizeof_char=1
ac_cv_sizeof_int=4
ac_cv_sizeof_long=8
ac_cv_sizeof_long_long=8
ac_cv_sizeof_short=2
ac_cv_sizeof_void_p=8
ac_cv_type_pid_t=yes
sdcc_cv_cxx_Wno_overloaded_virtual=yes
sdcc_cv_cxx_Wno_unused=yes
sdcc_cv_cxx_Wno_unused_parameters=yes
sdcc_cv_cxx_pipe=yes
ucsim_cv_MM=-MM
ucsim_cv_fd='<sys/select.h>'
ucsim_cv_header_ok=1
ucsim_cv_socket='<sys/socket.h>'

## ----------------- ##
## Output variables. ##
## ----------------- ##

AR='ar'
AWK='mawk'
CC='gcc'
CFLAGS='-I /usr/include/'
CPPFLAGS=''
CURSES_LIBS=''
CXX='g++'
CXXCPP='g++ -E'
CXXFLAGS='-g -pipe'
DEFS='-DHAVE_CONFIG_H'
DL='-ldl'
ECHO_C=''
ECHO_N='-n'
ECHO_T=''
EXEEXT=''
INSTALL_DATA='${INSTALL} -m 644'
INSTALL_PROGRAM='${INSTALL}'
INSTALL_SCRIPT='${INSTALL}'
LDFLAGS=''
LEX='flex'
LEXLIB=''
LEX_OUTPUT_ROOT='lex.yy'
LIBOBJS=''
LIBS='-lm -lrt '
LIBTOOL_DEPS=''
LTLIBOBJS=''
MAKEDEP='g++ -MM'
OBJEXT='o'
PACKAGE_BUGREPORT=''
PACKAGE_NAME=''
PACKAGE_STRING=''
PACKAGE_TARNAME=''
PACKAGE_URL=''
PACKAGE_VERSION=''
PATH_SEPARATOR=':'
PICOPT=''
RANLIB='ranlib'
SED='/usr/bin/sed'
SHAREDLIB='no'
SHELL='/bin/bash'
SILENT='yes'
STRIP='strip'
VERSION='0.9.5'
VERSIONHI='0'
VERSIONLO='9'
VERSIONP='5'
WALL_FLAG='-Wall -Wno-overloaded-virtual -Wno-unused-parameters -Wno-unused'
WINSOCK_AVAIL='0'
YACC='bison -y'
YFLAGS=''
ac_ct_CC='gcc'
ac_ct_CXX='g++'
bindir='${exec_prefix}/bin'
build_alias=''
curses_ok='no'
datadir='${datarootdir}'
datarootdir='${prefix}/share'
dl_ok='yes'
dlso_ok='no'
docdir='${datarootdir}/doc/${PACKAGE}'
dvidir='${docdir}'
enable_avr_sim='no'
enable_dlso='no'
enable_f8_sim='no'
enable_feapp='no'
enable_i8048_sim='no'
enable_i8085_sim='no'
enable_m6800_sim='no'
enable_m6809_sim='no'
enable_m68hc08_sim='no'
enable_m68hc11_sim='no'
enable_m68hc12_sim='no'
enable_mcs51_sim='no'
enable_mos6502_sim='yes'
enable_oisc_sim='no'
enable_p1516_sim='no'
enable_pblaze_sim='no'
enable_pdk_sim='no'
enable_rxk_sim='no'
enable_serio='no'
enable_st7_sim='no'
enable_stm8_sim='no'
enable_tlcs_sim='no'
enable_xa_sim='no'
enable_z80_sim='no'
exec_prefix='${prefix}'
host_alias=''
htmldir='${docdir}'
includedir='${prefix}/include'
infodir='${datarootdir}/info'
libdir='${exec_prefix}/lib'
libexecdir='${exec_prefix}/libexec'
localedir='${datarootdir}/locale'
localstatedir='${prefix}/var'
mandir='${datarootdir}/man'
oldincludedir='/usr/include'
panel_ok='no'
pdfdir='${docdir}'
prefix='/usr/local'
program_transform_name='s,x,x,'
psdir='${docdir}'
runstatedir='${localstatedir}/run'
sbindir='${exec_prefix}/sbin'
sharedstatedir='${prefix}/com'
sysconfdir='${prefix}/etc'
target_alias=''

## ----------- ##
## confdefs.h. ##
## ----------- ##

/* confdefs.h */
#define PACKAGE_NAME ""
#define PACKAGE_TARNAME ""
#define PACKAGE_VERSION ""
#define PACKAGE_STRING ""
#define PACKAGE_BUGREPORT ""
#define PACKAGE_URL ""
#define VERSIONSTR "0.9.5"
#define VERSIONHI 0
#define VERSIONLO 9
#define VERSIONP 5
#define YYTEXT_POINTER 1
#define HAVE_FLEX 1
#define HAVE_STDIO_H 1
#define HAVE_STDLIB_H 1
#define HAVE_STRING_H 1
#define HAVE_INTTYPES_H 1
#define HAVE_STDINT_H 1
#define HAVE_STRINGS_H 1
#define HAVE_SYS_STAT_H 1
#define HAVE_SYS_TYPES_H 1
#define HAVE_UNISTD_H 1
#define STDC_HEADERS 1
#define HAVE_ENDIAN_H 1
#define HAVE_GETOPT_H 1
#define HAVE_UNISTD_H 1
#define HAVE_TERMIOS_H 1
#define HAVE_INTTYPES_H 1
#define HAVE_STDINT_H 1
#define HAVE_SYS_WAIT_H 1
#define HAVE_SYS_SELECT_H 1
#define HAVE_SYS_SOCKET_H 1
#define SOCKET_AVAIL 1
#define UCSOCKET_T int
#define SOCKLEN_T uint
#define HEADER_SOCKET <sys/socket.h>
#define HAVE_DIRENT_H 1
#define FD_NEED_TIME_H 0
#define FD_NEED_TYPES_H 0
#define FD_NEED_GNUTYPES_H 0
#define FD_NEED_SELECT_H 1
#define FD_NEED_WINSOCK2_H 0
#define HEADER_FD <sys/select.h>
#define HAVE_LIBRT 1
#define HAVE_LIBM 1
#define HAVE_FORK 1
#define HAVE_VFORK 1
#define HAVE_WORKING_VFORK 1
#define HAVE_WORKING_FORK 1
#define HAVE__EXIT 1
#define HAVE_DUP2 1
#define HAVE_DUP3 1
#define HAVE_PIPE 1
#define HAVE_PIPE2 1
#define HAVE_WAITPID 1
#define HAVE_VASPRINTF 1
#define HAVE_VSNPRINTF 1
#define HAVE_NANOSLEEP 1
#define HAVE_USLEEP 1
#define HAVE_FMOD 1
#define SIZEOF_CHAR 1
#define SIZEOF_SHORT 2
#define SIZEOF_INT 4
#define SIZEOF_LONG 8
#define SIZEOF_LONG_LONG 8
#define SIZEOF_VOID_P 8
#define TYPE_BYTE char
#define SPEC_BYTE ""
#define TYPE_WORD short
#define SPEC_WORD "h"
#define TYPE_DWORD int
#define SPEC_DWORD ""
#define TYPE_QWORD long
#define SPEC_QWORD "l"
#define _A_ ""
#define _M_ "h"

configure: exit 0
